  GameObjectFactory.cpp
C:\Users\vallc\OneDrive\Рабочий стол\Лабы\Course-3\графика\ConsoleApplication7\GameObjectFactory.cpp(31,35): error C2039: "GetObjectW": не является членом "rapidjson::GenericDocument<rapidjson::UTF8<char>,rapidjson::MemoryPoolAllocator<rapidjson::CrtAllocator>,rapidjson::CrtAllocator>".
C:\Users\vallc\OneDrive\Рабочий стол\Лабы\Course-3\графика\ConsoleApplication7\rapidjson-master\include\rapidjson\document.h(2585,9): message : см. объявление "rapidjson::GenericDocument<rapidjson::UTF8<char>,rapidjson::MemoryPoolAllocator<rapidjson::CrtAllocator>,rapidjson::CrtAllocator>"
C:\Users\vallc\OneDrive\Рабочий стол\Лабы\Course-3\графика\ConsoleApplication7\GameObjectFactory.cpp(31,9): error C2530: obj: ссылки должны быть инициализированы
C:\Users\vallc\OneDrive\Рабочий стол\Лабы\Course-3\графика\ConsoleApplication7\GameObjectFactory.cpp(31,9): error C3531: obj: символ, тип которого содержит спецификатор 'auto' должен иметь инициализатор
C:\Users\vallc\OneDrive\Рабочий стол\Лабы\Course-3\графика\ConsoleApplication7\GameObjectFactory.cpp(31,24): error C2143: синтаксическая ошибка: отсутствие ";" перед ":"
C:\Users\vallc\OneDrive\Рабочий стол\Лабы\Course-3\графика\ConsoleApplication7\GameObjectFactory.cpp(31,46): error C2143: синтаксическая ошибка: отсутствие ";" перед ")"
C:\Users\vallc\OneDrive\Рабочий стол\Лабы\Course-3\графика\ConsoleApplication7\GameObjectFactory.cpp(61,17): error C2679: бинарный "[": не найден оператор, принимающий правый операнд типа "GameObjectType" (или приемлемое преобразование отсутствует)
C:\Program Files\Microsoft Visual Studio\2022\Community\VC\Tools\MSVC\14.37.32822\include\vector(1892,40): message : может быть "const _Ty &std::vector<_Ty,std::allocator<_Ty>>::operator [](const unsigned int) noexcept const"
          with
          [
              _Ty=std::shared_ptr<Mesh>
          ]
C:\Program Files\Microsoft Visual Studio\2022\Community\VC\Tools\MSVC\14.37.32822\include\vector(1882,34): message : или       "_Ty &std::vector<_Ty,std::allocator<_Ty>>::operator [](const unsigned int) noexcept"
          with
          [
              _Ty=std::shared_ptr<Mesh>
          ]
C:\Users\vallc\OneDrive\Рабочий стол\Лабы\Course-3\графика\ConsoleApplication7\GameObjectFactory.cpp(61,17): message : при попытке сопоставить список аргументов "(std::vector<std::shared_ptr<Mesh>,std::allocator<std::shared_ptr<Mesh>>>, GameObjectType)"
C:\Users\vallc\OneDrive\Рабочий стол\Лабы\Course-3\графика\ConsoleApplication7\GameObjectFactory.cpp(71,49): error C2530: materialObj: ссылки должны быть инициализированы
C:\Users\vallc\OneDrive\Рабочий стол\Лабы\Course-3\графика\ConsoleApplication7\GameObjectFactory.cpp(75,21): error C2248: PhongMaterial::ambient: невозможно обратиться к private член, объявленному в классе "PhongMaterial"
C:\Users\vallc\OneDrive\Рабочий стол\Лабы\Course-3\графика\ConsoleApplication7\PhongMaterial.h(44,10): message : см. объявление "PhongMaterial::ambient"
C:\Users\vallc\OneDrive\Рабочий стол\Лабы\Course-3\графика\ConsoleApplication7\PhongMaterial.h(19,7): message : см. объявление "PhongMaterial"
C:\Users\vallc\OneDrive\Рабочий стол\Лабы\Course-3\графика\ConsoleApplication7\GameObjectFactory.cpp(82,21): error C2248: PhongMaterial::diffuse: невозможно обратиться к private член, объявленному в классе "PhongMaterial"
C:\Users\vallc\OneDrive\Рабочий стол\Лабы\Course-3\графика\ConsoleApplication7\PhongMaterial.h(46,10): message : см. объявление "PhongMaterial::diffuse"
C:\Users\vallc\OneDrive\Рабочий стол\Лабы\Course-3\графика\ConsoleApplication7\PhongMaterial.h(19,7): message : см. объявление "PhongMaterial"
C:\Users\vallc\OneDrive\Рабочий стол\Лабы\Course-3\графика\ConsoleApplication7\GameObjectFactory.cpp(89,21): error C2248: PhongMaterial::specular: невозможно обратиться к private член, объявленному в классе "PhongMaterial"
C:\Users\vallc\OneDrive\Рабочий стол\Лабы\Course-3\графика\ConsoleApplication7\PhongMaterial.h(48,10): message : см. объявление "PhongMaterial::specular"
C:\Users\vallc\OneDrive\Рабочий стол\Лабы\Course-3\графика\ConsoleApplication7\PhongMaterial.h(19,7): message : см. объявление "PhongMaterial"
C:\Users\vallc\OneDrive\Рабочий стол\Лабы\Course-3\графика\ConsoleApplication7\GameObjectFactory.cpp(96,21): error C2248: PhongMaterial::emission: невозможно обратиться к private член, объявленному в классе "PhongMaterial"
C:\Users\vallc\OneDrive\Рабочий стол\Лабы\Course-3\графика\ConsoleApplication7\PhongMaterial.h(50,10): message : см. объявление "PhongMaterial::emission"
C:\Users\vallc\OneDrive\Рабочий стол\Лабы\Course-3\графика\ConsoleApplication7\PhongMaterial.h(19,7): message : см. объявление "PhongMaterial"
C:\Users\vallc\OneDrive\Рабочий стол\Лабы\Course-3\графика\ConsoleApplication7\GameObjectFactory.cpp(103,21): error C2248: PhongMaterial::shininess: невозможно обратиться к private член, объявленному в классе "PhongMaterial"
C:\Users\vallc\OneDrive\Рабочий стол\Лабы\Course-3\графика\ConsoleApplication7\PhongMaterial.h(52,11): message : см. объявление "PhongMaterial::shininess"
C:\Users\vallc\OneDrive\Рабочий стол\Лабы\Course-3\графика\ConsoleApplication7\PhongMaterial.h(19,7): message : см. объявление "PhongMaterial"
C:\Users\vallc\OneDrive\Рабочий стол\Лабы\Course-3\графика\ConsoleApplication7\GameObjectFactory.cpp(105,13): error C2679: бинарный "[": не найден оператор, принимающий правый операнд типа "GameObjectType" (или приемлемое преобразование отсутствует)
C:\Program Files\Microsoft Visual Studio\2022\Community\VC\Tools\MSVC\14.37.32822\include\vector(1892,40): message : может быть "const _Ty &std::vector<_Ty,std::allocator<_Ty>>::operator [](const unsigned int) noexcept const"
          with
          [
              _Ty=std::shared_ptr<PhongMaterial>
          ]
C:\Program Files\Microsoft Visual Studio\2022\Community\VC\Tools\MSVC\14.37.32822\include\vector(1882,34): message : или       "_Ty &std::vector<_Ty,std::allocator<_Ty>>::operator [](const unsigned int) noexcept"
          with
          [
              _Ty=std::shared_ptr<PhongMaterial>
          ]
C:\Users\vallc\OneDrive\Рабочий стол\Лабы\Course-3\графика\ConsoleApplication7\GameObjectFactory.cpp(105,13): message : при попытке сопоставить список аргументов "(std::vector<std::shared_ptr<PhongMaterial>,std::allocator<std::shared_ptr<PhongMaterial>>>, GameObjectType)"
C:\Users\vallc\OneDrive\Рабочий стол\Лабы\Course-3\графика\ConsoleApplication7\GameObjectFactory.cpp(10,16): error C4996: 'fopen': This function or variable may be unsafe. Consider using fopen_s instead. To disable deprecation, use _CRT_SECURE_NO_WARNINGS. See online help for details.
C:\Users\vallc\OneDrive\Рабочий стол\Лабы\Course-3\графика\ConsoleApplication7\GameObjectFactory.cpp(111,26): error C2039: "find": не является членом "std::vector<std::shared_ptr<Mesh>,std::allocator<std::shared_ptr<Mesh>>>".
C:\Users\vallc\OneDrive\Рабочий стол\Лабы\Course-3\графика\ConsoleApplication7\GameObjectFactory.h(32,7): message : см. объявление "std::vector<std::shared_ptr<Mesh>,std::allocator<std::shared_ptr<Mesh>>>"
C:\Users\vallc\OneDrive\Рабочий стол\Лабы\Course-3\графика\ConsoleApplication7\GameObjectFactory.cpp(112,33): error C2039: "find": не является членом "std::vector<std::shared_ptr<PhongMaterial>,std::allocator<std::shared_ptr<PhongMaterial>>>".
C:\Users\vallc\OneDrive\Рабочий стол\Лабы\Course-3\графика\ConsoleApplication7\GameObjectFactory.h(34,7): message : см. объявление "std::vector<std::shared_ptr<PhongMaterial>,std::allocator<std::shared_ptr<PhongMaterial>>>"
C:\Users\vallc\OneDrive\Рабочий стол\Лабы\Course-3\графика\ConsoleApplication7\GameObjectFactory.cpp(114,9): error C3536: meshIt: не может использоваться до инициализации
C:\Users\vallc\OneDrive\Рабочий стол\Лабы\Course-3\графика\ConsoleApplication7\GameObjectFactory.cpp(114,9): error C2678: бинарный "!=": не найден оператор, принимающий левый операнд типа "int" (или приемлемое преобразование отсутствует)
C:\Program Files (x86)\Windows Kits\10\Include\10.0.22621.0\shared\guiddef.h(197,15): message : может быть "bool operator !=(const GUID &,const GUID &)"
C:\Program Files\Microsoft Visual Studio\2022\Community\VC\Tools\MSVC\14.37.32822\include\vector(2236,17): message : или       "bool std::operator !=(const std::vector<_Ty,_Alloc> &,const std::vector<_Ty,_Alloc> &)"
C:\Users\vallc\OneDrive\Рабочий стол\Лабы\Course-3\графика\ConsoleApplication7\GameObjectFactory.cpp(114,9): message : 'bool std::operator !=(const std::vector<_Ty,_Alloc> &,const std::vector<_Ty,_Alloc> &)': не удалось вывести аргумент шаблон для 'const std::vector<_Ty,_Alloc> &' из 'int'
C:\Program Files\Microsoft Visual Studio\2022\Community\VC\Tools\MSVC\14.37.32822\include\map(642,17): message : или       "bool std::operator !=(const std::multimap<_Kty,_Ty,_Pr,_Alloc> &,const std::multimap<_Kty,_Ty,_Pr,_Alloc> &)"
C:\Users\vallc\OneDrive\Рабочий стол\Лабы\Course-3\графика\ConsoleApplication7\GameObjectFactory.cpp(114,9): message : 'bool std::operator !=(const std::multimap<_Kty,_Ty,_Pr,_Alloc> &,const std::multimap<_Kty,_Ty,_Pr,_Alloc> &)': не удалось вывести аргумент шаблон для 'const std::multimap<_Kty,_Ty,_Pr,_Alloc> &' из 'int'
C:\Program Files\Microsoft Visual Studio\2022\Community\VC\Tools\MSVC\14.37.32822\include\map(408,17): message : или       "bool std::operator !=(const std::map<_Kty,_Ty,_Pr,_Alloc> &,const std::map<_Kty,_Ty,_Pr,_Alloc> &)"
C:\Users\vallc\OneDrive\Рабочий стол\Лабы\Course-3\графика\ConsoleApplication7\GameObjectFactory.cpp(114,9): message : 'bool std::operator !=(const std::map<_Kty,_Ty,_Pr,_Alloc> &,const std::map<_Kty,_Ty,_Pr,_Alloc> &)': не удалось вывести аргумент шаблон для 'const std::map<_Kty,_Ty,_Pr,_Alloc> &' из 'int'
C:\Program Files\Microsoft Visual Studio\2022\Community\VC\Tools\MSVC\14.37.32822\include\tuple(889,27): message : или       "bool std::operator !=(const std::tuple<_Types...> &,const std::tuple<_Types...> &)"
C:\Users\vallc\OneDrive\Рабочий стол\Лабы\Course-3\графика\ConsoleApplication7\GameObjectFactory.cpp(114,9): message : 'bool std::operator !=(const std::tuple<_Types...> &,const std::tuple<_Types...> &)': не удалось вывести аргумент шаблон для 'const std::tuple<_Types...> &' из 'int'
C:\Program Files\Microsoft Visual Studio\2022\Community\VC\Tools\MSVC\14.37.32822\include\memory(3577,17): message : или       "bool std::operator !=(std::nullptr_t,const std::unique_ptr<_Ty,_Dx> &) noexcept"
C:\Users\vallc\OneDrive\Рабочий стол\Лабы\Course-3\графика\ConsoleApplication7\GameObjectFactory.cpp(114,9): message : 'bool std::operator !=(std::nullptr_t,const std::unique_ptr<_Ty,_Dx> &) noexcept': не удалось вывести аргумент шаблон для 'const std::unique_ptr<_Ty,_Dx> &' из 'std::_Vector_iterator<std::_Vector_val<std::_Simple_types<_Ty>>>'
          with
          [
              _Ty=std::shared_ptr<Mesh>
          ]
C:\Program Files\Microsoft Visual Studio\2022\Community\VC\Tools\MSVC\14.37.32822\include\memory(3572,17): message : или       "bool std::operator !=(const std::unique_ptr<_Ty,_Dx> &,std::nullptr_t) noexcept"
C:\Users\vallc\OneDrive\Рабочий стол\Лабы\Course-3\графика\ConsoleApplication7\GameObjectFactory.cpp(114,9): message : 'bool std::operator !=(const std::unique_ptr<_Ty,_Dx> &,std::nullptr_t) noexcept': не удалось вывести аргумент шаблон для 'const std::unique_ptr<_Ty,_Dx> &' из 'int'
C:\Program Files\Microsoft Visual Studio\2022\Community\VC\Tools\MSVC\14.37.32822\include\memory(3519,17): message : или       "bool std::operator !=(const std::unique_ptr<_Ty,_Dx> &,const std::unique_ptr<_Ty2,_Dx2> &)"
C:\Users\vallc\OneDrive\Рабочий стол\Лабы\Course-3\графика\ConsoleApplication7\GameObjectFactory.cpp(114,9): message : 'bool std::operator !=(const std::unique_ptr<_Ty,_Dx> &,const std::unique_ptr<_Ty2,_Dx2> &)': не удалось вывести аргумент шаблон для 'const std::unique_ptr<_Ty,_Dx> &' из 'int'
C:\Program Files\Microsoft Visual Studio\2022\Community\VC\Tools\MSVC\14.37.32822\include\memory(1942,17): message : или       "bool std::operator !=(std::nullptr_t,const std::shared_ptr<_Ty> &) noexcept"
C:\Users\vallc\OneDrive\Рабочий стол\Лабы\Course-3\графика\ConsoleApplication7\GameObjectFactory.cpp(114,9): message : 'bool std::operator !=(std::nullptr_t,const std::shared_ptr<_Ty> &) noexcept': не удалось вывести аргумент шаблон для 'const std::shared_ptr<_Ty> &' из 'std::_Vector_iterator<std::_Vector_val<std::_Simple_types<_Ty>>>'
          with
          [
              _Ty=std::shared_ptr<Mesh>
          ]
C:\Program Files\Microsoft Visual Studio\2022\Community\VC\Tools\MSVC\14.37.32822\include\memory(1937,17): message : или       "bool std::operator !=(const std::shared_ptr<_Ty> &,std::nullptr_t) noexcept"
C:\Users\vallc\OneDrive\Рабочий стол\Лабы\Course-3\графика\ConsoleApplication7\GameObjectFactory.cpp(114,9): message : 'bool std::operator !=(const std::shared_ptr<_Ty> &,std::nullptr_t) noexcept': не удалось вывести аргумент шаблон для 'const std::shared_ptr<_Ty> &' из 'int'
C:\Program Files\Microsoft Visual Studio\2022\Community\VC\Tools\MSVC\14.37.32822\include\memory(1895,17): message : или       "bool std::operator !=(const std::shared_ptr<_Ty> &,const std::shared_ptr<_Ty0> &) noexcept"
C:\Users\vallc\OneDrive\Рабочий стол\Лабы\Course-3\графика\ConsoleApplication7\GameObjectFactory.cpp(114,9): message : 'bool std::operator !=(const std::shared_ptr<_Ty> &,const std::shared_ptr<_Ty0> &) noexcept': не удалось вывести аргумент шаблон для 'const std::shared_ptr<_Ty> &' из 'int'
C:\Program Files\Microsoft Visual Studio\2022\Community\VC\Tools\MSVC\14.37.32822\include\xstring(5050,17): message : или       "bool std::operator !=(const std::basic_string<_Elem,_Traits,_Alloc> &,const _Elem *const )"
C:\Users\vallc\OneDrive\Рабочий стол\Лабы\Course-3\графика\ConsoleApplication7\GameObjectFactory.cpp(114,9): message : 'bool std::operator !=(const std::basic_string<_Elem,_Traits,_Alloc> &,const _Elem *const )': не удалось вывести аргумент шаблон для 'const std::basic_string<_Elem,_Traits,_Alloc> &' из 'int'
C:\Program Files\Microsoft Visual Studio\2022\Community\VC\Tools\MSVC\14.37.32822\include\xstring(5045,17): message : или       "bool std::operator !=(const _Elem *const ,const std::basic_string<_Elem,_Traits,_Alloc> &)"
C:\Users\vallc\OneDrive\Рабочий стол\Лабы\Course-3\графика\ConsoleApplication7\GameObjectFactory.cpp(114,9): message : 'bool std::operator !=(const _Elem *const ,const std::basic_string<_Elem,_Traits,_Alloc> &)': не удалось вывести аргумент шаблон для 'const _Elem *const ' из 'int'
C:\Program Files\Microsoft Visual Studio\2022\Community\VC\Tools\MSVC\14.37.32822\include\xstring(5039,17): message : или       "bool std::operator !=(const std::basic_string<_Elem,_Traits,_Alloc> &,const std::basic_string<_Elem,_Traits,_Alloc> &) noexcept"
C:\Users\vallc\OneDrive\Рабочий стол\Лабы\Course-3\графика\ConsoleApplication7\GameObjectFactory.cpp(114,9): message : 'bool std::operator !=(const std::basic_string<_Elem,_Traits,_Alloc> &,const std::basic_string<_Elem,_Traits,_Alloc> &) noexcept': не удалось вывести аргумент шаблон для 'const std::basic_string<_Elem,_Traits,_Alloc> &' из 'int'
C:\Program Files\Microsoft Visual Studio\2022\Community\VC\Tools\MSVC\14.37.32822\include\xmemory(1040,17): message : или       "bool std::operator !=(const std::allocator<_Ty> &,const std::allocator<_Other> &) noexcept"
C:\Users\vallc\OneDrive\Рабочий стол\Лабы\Course-3\графика\ConsoleApplication7\GameObjectFactory.cpp(114,9): message : 'bool std::operator !=(const std::allocator<_Ty> &,const std::allocator<_Other> &) noexcept': не удалось вывести аргумент шаблон для 'const std::allocator<_Ty> &' из 'int'
C:\Program Files\Microsoft Visual Studio\2022\Community\VC\Tools\MSVC\14.37.32822\include\iterator(496,17): message : или       "bool std::operator !=(const std::istreambuf_iterator<_Elem,_Traits> &,const std::istreambuf_iterator<_Elem,_Traits> &)"
C:\Users\vallc\OneDrive\Рабочий стол\Лабы\Course-3\графика\ConsoleApplication7\GameObjectFactory.cpp(114,9): message : 'bool std::operator !=(const std::istreambuf_iterator<_Elem,_Traits> &,const std::istreambuf_iterator<_Elem,_Traits> &)': не удалось вывести аргумент шаблон для 'const std::istreambuf_iterator<_Elem,_Traits> &' из 'int'
C:\Program Files\Microsoft Visual Studio\2022\Community\VC\Tools\MSVC\14.37.32822\include\iterator(314,17): message : или       "bool std::operator !=(const std::istream_iterator<_Ty,_Elem,_Traits,_Diff> &,const std::istream_iterator<_Ty,_Elem,_Traits,_Diff> &) noexcept"
C:\Users\vallc\OneDrive\Рабочий стол\Лабы\Course-3\графика\ConsoleApplication7\GameObjectFactory.cpp(114,9): message : 'bool std::operator !=(const std::istream_iterator<_Ty,_Elem,_Traits,_Diff> &,const std::istream_iterator<_Ty,_Elem,_Traits,_Diff> &) noexcept': не удалось вывести аргумент шаблон для 'const std::istream_iterator<_Ty,_Elem,_Traits,_Diff> &' из 'int'
C:\Program Files\Microsoft Visual Studio\2022\Community\VC\Tools\MSVC\14.37.32822\include\xutility(4279,30): message : или       "bool std::operator !=(const std::move_iterator<_Iter> &,const std::move_iterator<_Iter2> &) noexcept(<expr>)"
C:\Users\vallc\OneDrive\Рабочий стол\Лабы\Course-3\графика\ConsoleApplication7\GameObjectFactory.cpp(114,9): message : 'bool std::operator !=(const std::move_iterator<_Iter> &,const std::move_iterator<_Iter2> &) noexcept(<expr>)': не удалось вывести аргумент шаблон для 'const std::move_iterator<_Iter> &' из 'int'
C:\Program Files\Microsoft Visual Studio\2022\Community\VC\Tools\MSVC\14.37.32822\include\xutility(1671,5): message : или       "bool std::operator !=(const std::reverse_iterator<_BidIt> &,const std::reverse_iterator<_BidIt2> &) noexcept(<expr>)"
C:\Users\vallc\OneDrive\Рабочий стол\Лабы\Course-3\графика\ConsoleApplication7\GameObjectFactory.cpp(114,9): message : 'bool std::operator !=(const std::reverse_iterator<_BidIt> &,const std::reverse_iterator<_BidIt2> &) noexcept(<expr>)': не удалось вывести аргумент шаблон для 'const std::reverse_iterator<_BidIt> &' из 'int'
C:\Program Files\Microsoft Visual Studio\2022\Community\VC\Tools\MSVC\14.37.32822\include\utility(499,27): message : или       "bool std::operator !=(const std::pair<_Ty1,_Ty2> &,const std::pair<_Uty1,_Uty2> &)"
C:\Users\vallc\OneDrive\Рабочий стол\Лабы\Course-3\графика\ConsoleApplication7\GameObjectFactory.cpp(114,9): message : 'bool std::operator !=(const std::pair<_Ty1,_Ty2> &,const std::pair<_Uty1,_Uty2> &)': не удалось вывести аргумент шаблон для 'const std::pair<_Ty1,_Ty2> &' из 'int'
C:\Users\vallc\OneDrive\Рабочий стол\Лабы\Course-3\графика\ConsoleApplication7\glm\glm\detail\type_quat.hpp(181,35): message : или       "bool glm::operator !=(const glm::qua<T,Q> &,const glm::qua<T,Q> &)"
C:\Users\vallc\OneDrive\Рабочий стол\Лабы\Course-3\графика\ConsoleApplication7\GameObjectFactory.cpp(114,9): message : 'bool glm::operator !=(const glm::qua<T,Q> &,const glm::qua<T,Q> &)': не удалось вывести аргумент шаблон для 'const glm::qua<T,Q> &' из 'int'
C:\Users\vallc\OneDrive\Рабочий стол\Лабы\Course-3\графика\ConsoleApplication7\glm\glm\detail\type_vec1.hpp(297,35): message : или       "bool glm::operator !=(const glm::vec<1,T,Q> &,const glm::vec<1,T,Q> &)"
C:\Users\vallc\OneDrive\Рабочий стол\Лабы\Course-3\графика\ConsoleApplication7\GameObjectFactory.cpp(114,9): message : 'bool glm::operator !=(const glm::vec<1,T,Q> &,const glm::vec<1,T,Q> &)': не удалось вывести аргумент шаблон для 'const glm::vec<1,T,Q> &' из 'int'
C:\Users\vallc\OneDrive\Рабочий стол\Лабы\Course-3\графика\ConsoleApplication7\glm\glm\detail\type_mat4x4.hpp(184,21): message : или       "bool glm::operator !=(const glm::mat<4,4,T,Q> &,const glm::mat<4,4,T,Q> &)"
C:\Users\vallc\OneDrive\Рабочий стол\Лабы\Course-3\графика\ConsoleApplication7\GameObjectFactory.cpp(114,9): message : 'bool glm::operator !=(const glm::mat<4,4,T,Q> &,const glm::mat<4,4,T,Q> &)': не удалось вывести аргумент шаблон для 'const glm::mat<4,4,T,Q> &' из 'int'
C:\Users\vallc\OneDrive\Рабочий стол\Лабы\Course-3\графика\ConsoleApplication7\glm\glm\detail\type_mat4x3.hpp(166,21): message : или       "bool glm::operator !=(const glm::mat<4,3,T,Q> &,const glm::mat<4,3,T,Q> &)"
C:\Users\vallc\OneDrive\Рабочий стол\Лабы\Course-3\графика\ConsoleApplication7\GameObjectFactory.cpp(114,9): message : 'bool glm::operator !=(const glm::mat<4,3,T,Q> &,const glm::mat<4,3,T,Q> &)': не удалось вывести аргумент шаблон для 'const glm::mat<4,3,T,Q> &' из 'int'
C:\Users\vallc\OneDrive\Рабочий стол\Лабы\Course-3\графика\ConsoleApplication7\glm\glm\detail\type_mat4x2.hpp(166,21): message : или       "bool glm::operator !=(const glm::mat<4,2,T,Q> &,const glm::mat<4,2,T,Q> &)"
C:\Users\vallc\OneDrive\Рабочий стол\Лабы\Course-3\графика\ConsoleApplication7\GameObjectFactory.cpp(114,9): message : 'bool glm::operator !=(const glm::mat<4,2,T,Q> &,const glm::mat<4,2,T,Q> &)': не удалось вывести аргумент шаблон для 'const glm::mat<4,2,T,Q> &' из 'int'
C:\Users\vallc\OneDrive\Рабочий стол\Лабы\Course-3\графика\ConsoleApplication7\glm\glm\detail\type_mat3x4.hpp(161,21): message : или       "bool glm::operator !=(const glm::mat<3,4,T,Q> &,const glm::mat<3,4,T,Q> &)"
C:\Users\vallc\OneDrive\Рабочий стол\Лабы\Course-3\графика\ConsoleApplication7\GameObjectFactory.cpp(114,9): message : 'bool glm::operator !=(const glm::mat<3,4,T,Q> &,const glm::mat<3,4,T,Q> &)': не удалось вывести аргумент шаблон для 'const glm::mat<3,4,T,Q> &' из 'int'
C:\Users\vallc\OneDrive\Рабочий стол\Лабы\Course-3\графика\ConsoleApplication7\glm\glm\detail\type_mat3x3.hpp(179,21): message : или       "bool glm::operator !=(const glm::mat<3,3,T,Q> &,const glm::mat<3,3,T,Q> &)"
C:\Users\vallc\OneDrive\Рабочий стол\Лабы\Course-3\графика\ConsoleApplication7\GameObjectFactory.cpp(114,9): message : 'bool glm::operator !=(const glm::mat<3,3,T,Q> &,const glm::mat<3,3,T,Q> &)': не удалось вывести аргумент шаблон для 'const glm::mat<3,3,T,Q> &' из 'int'
C:\Users\vallc\OneDrive\Рабочий стол\Лабы\Course-3\графика\ConsoleApplication7\glm\glm\detail\type_mat3x2.hpp(161,21): message : или       "bool glm::operator !=(const glm::mat<3,2,T,Q> &,const glm::mat<3,2,T,Q> &)"
C:\Users\vallc\OneDrive\Рабочий стол\Лабы\Course-3\графика\ConsoleApplication7\GameObjectFactory.cpp(114,9): message : 'bool glm::operator !=(const glm::mat<3,2,T,Q> &,const glm::mat<3,2,T,Q> &)': не удалось вывести аргумент шаблон для 'const glm::mat<3,2,T,Q> &' из 'int'
C:\Users\vallc\OneDrive\Рабочий стол\Лабы\Course-3\графика\ConsoleApplication7\glm\glm\detail\type_mat2x4.hpp(156,21): message : или       "bool glm::operator !=(const glm::mat<2,4,T,Q> &,const glm::mat<2,4,T,Q> &)"
C:\Users\vallc\OneDrive\Рабочий стол\Лабы\Course-3\графика\ConsoleApplication7\GameObjectFactory.cpp(114,9): message : 'bool glm::operator !=(const glm::mat<2,4,T,Q> &,const glm::mat<2,4,T,Q> &)': не удалось вывести аргумент шаблон для 'const glm::mat<2,4,T,Q> &' из 'int'
C:\Users\vallc\OneDrive\Рабочий стол\Лабы\Course-3\графика\ConsoleApplication7\glm\glm\detail\type_mat2x3.hpp(154,21): message : или       "bool glm::operator !=(const glm::mat<2,3,T,Q> &,const glm::mat<2,3,T,Q> &)"
C:\Users\vallc\OneDrive\Рабочий стол\Лабы\Course-3\графика\ConsoleApplication7\GameObjectFactory.cpp(114,9): message : 'bool glm::operator !=(const glm::mat<2,3,T,Q> &,const glm::mat<2,3,T,Q> &)': не удалось вывести аргумент шаблон для 'const glm::mat<2,3,T,Q> &' из 'int'
C:\Users\vallc\OneDrive\Рабочий стол\Лабы\Course-3\графика\ConsoleApplication7\glm\glm\detail\type_mat2x2.hpp(172,21): message : или       "bool glm::operator !=(const glm::mat<2,2,T,Q> &,const glm::mat<2,2,T,Q> &)"
C:\Users\vallc\OneDrive\Рабочий стол\Лабы\Course-3\графика\ConsoleApplication7\GameObjectFactory.cpp(114,9): message : 'bool glm::operator !=(const glm::mat<2,2,T,Q> &,const glm::mat<2,2,T,Q> &)': не удалось вывести аргумент шаблон для 'const glm::mat<2,2,T,Q> &' из 'int'
C:\Users\vallc\OneDrive\Рабочий стол\Лабы\Course-3\графика\ConsoleApplication7\glm\glm\detail\type_vec4.hpp(494,35): message : или       "bool glm::operator !=(const glm::vec<4,T,Q> &,const glm::vec<4,T,Q> &)"
C:\Users\vallc\OneDrive\Рабочий стол\Лабы\Course-3\графика\ConsoleApplication7\GameObjectFactory.cpp(114,9): message : 'bool glm::operator !=(const glm::vec<4,T,Q> &,const glm::vec<4,T,Q> &)': не удалось вывести аргумент шаблон для 'const glm::vec<4,T,Q> &' из 'int'
C:\Users\vallc\OneDrive\Рабочий стол\Лабы\Course-3\графика\ConsoleApplication7\glm\glm\detail\type_vec3.hpp(421,35): message : или       "bool glm::operator !=(const glm::vec<3,T,Q> &,const glm::vec<3,T,Q> &)"
C:\Users\vallc\OneDrive\Рабочий стол\Лабы\Course-3\графика\ConsoleApplication7\GameObjectFactory.cpp(114,9): message : 'bool glm::operator !=(const glm::vec<3,T,Q> &,const glm::vec<3,T,Q> &)': не удалось вывести аргумент шаблон для 'const glm::vec<3,T,Q> &' из 'int'
C:\Users\vallc\OneDrive\Рабочий стол\Лабы\Course-3\графика\ConsoleApplication7\glm\glm\detail\type_vec2.hpp(388,35): message : или       "bool glm::operator !=(const glm::vec<2,T,Q> &,const glm::vec<2,T,Q> &)"
C:\Users\vallc\OneDrive\Рабочий стол\Лабы\Course-3\графика\ConsoleApplication7\GameObjectFactory.cpp(114,9): message : 'bool glm::operator !=(const glm::vec<2,T,Q> &,const glm::vec<2,T,Q> &)': не удалось вывести аргумент шаблон для 'const glm::vec<2,T,Q> &' из 'int'
C:\Users\vallc\OneDrive\Рабочий стол\Лабы\Course-3\графика\ConsoleApplication7\GameObjectFactory.cpp(114,9): message : при попытке сопоставить список аргументов "(int, std::_Vector_iterator<std::_Vector_val<std::_Simple_types<_Ty>>>)"
          with
          [
              _Ty=std::shared_ptr<Mesh>
          ]
C:\Users\vallc\OneDrive\Рабочий стол\Лабы\Course-3\графика\ConsoleApplication7\GameObjectFactory.cpp(114,35): error C3536: materialIt: не может использоваться до инициализации
C:\Users\vallc\OneDrive\Рабочий стол\Лабы\Course-3\графика\ConsoleApplication7\GameObjectFactory.cpp(114,35): error C2678: бинарный "!=": не найден оператор, принимающий левый операнд типа "int" (или приемлемое преобразование отсутствует)
C:\Program Files (x86)\Windows Kits\10\Include\10.0.22621.0\shared\guiddef.h(197,15): message : может быть "bool operator !=(const GUID &,const GUID &)"
C:\Program Files\Microsoft Visual Studio\2022\Community\VC\Tools\MSVC\14.37.32822\include\vector(2236,17): message : или       "bool std::operator !=(const std::vector<_Ty,_Alloc> &,const std::vector<_Ty,_Alloc> &)"
C:\Users\vallc\OneDrive\Рабочий стол\Лабы\Course-3\графика\ConsoleApplication7\GameObjectFactory.cpp(114,35): message : 'bool std::operator !=(const std::vector<_Ty,_Alloc> &,const std::vector<_Ty,_Alloc> &)': не удалось вывести аргумент шаблон для 'const std::vector<_Ty,_Alloc> &' из 'int'
C:\Program Files\Microsoft Visual Studio\2022\Community\VC\Tools\MSVC\14.37.32822\include\map(642,17): message : или       "bool std::operator !=(const std::multimap<_Kty,_Ty,_Pr,_Alloc> &,const std::multimap<_Kty,_Ty,_Pr,_Alloc> &)"
C:\Users\vallc\OneDrive\Рабочий стол\Лабы\Course-3\графика\ConsoleApplication7\GameObjectFactory.cpp(114,35): message : 'bool std::operator !=(const std::multimap<_Kty,_Ty,_Pr,_Alloc> &,const std::multimap<_Kty,_Ty,_Pr,_Alloc> &)': не удалось вывести аргумент шаблон для 'const std::multimap<_Kty,_Ty,_Pr,_Alloc> &' из 'int'
C:\Program Files\Microsoft Visual Studio\2022\Community\VC\Tools\MSVC\14.37.32822\include\map(408,17): message : или       "bool std::operator !=(const std::map<_Kty,_Ty,_Pr,_Alloc> &,const std::map<_Kty,_Ty,_Pr,_Alloc> &)"
C:\Users\vallc\OneDrive\Рабочий стол\Лабы\Course-3\графика\ConsoleApplication7\GameObjectFactory.cpp(114,35): message : 'bool std::operator !=(const std::map<_Kty,_Ty,_Pr,_Alloc> &,const std::map<_Kty,_Ty,_Pr,_Alloc> &)': не удалось вывести аргумент шаблон для 'const std::map<_Kty,_Ty,_Pr,_Alloc> &' из 'int'
C:\Program Files\Microsoft Visual Studio\2022\Community\VC\Tools\MSVC\14.37.32822\include\tuple(889,27): message : или       "bool std::operator !=(const std::tuple<_Types...> &,const std::tuple<_Types...> &)"
C:\Users\vallc\OneDrive\Рабочий стол\Лабы\Course-3\графика\ConsoleApplication7\GameObjectFactory.cpp(114,35): message : 'bool std::operator !=(const std::tuple<_Types...> &,const std::tuple<_Types...> &)': не удалось вывести аргумент шаблон для 'const std::tuple<_Types...> &' из 'int'
C:\Program Files\Microsoft Visual Studio\2022\Community\VC\Tools\MSVC\14.37.32822\include\memory(3577,17): message : или       "bool std::operator !=(std::nullptr_t,const std::unique_ptr<_Ty,_Dx> &) noexcept"
C:\Users\vallc\OneDrive\Рабочий стол\Лабы\Course-3\графика\ConsoleApplication7\GameObjectFactory.cpp(114,35): message : 'bool std::operator !=(std::nullptr_t,const std::unique_ptr<_Ty,_Dx> &) noexcept': не удалось вывести аргумент шаблон для 'const std::unique_ptr<_Ty,_Dx> &' из 'std::_Vector_iterator<std::_Vector_val<std::_Simple_types<_Ty>>>'
          with
          [
              _Ty=std::shared_ptr<PhongMaterial>
          ]
C:\Program Files\Microsoft Visual Studio\2022\Community\VC\Tools\MSVC\14.37.32822\include\memory(3572,17): message : или       "bool std::operator !=(const std::unique_ptr<_Ty,_Dx> &,std::nullptr_t) noexcept"
C:\Users\vallc\OneDrive\Рабочий стол\Лабы\Course-3\графика\ConsoleApplication7\GameObjectFactory.cpp(114,35): message : 'bool std::operator !=(const std::unique_ptr<_Ty,_Dx> &,std::nullptr_t) noexcept': не удалось вывести аргумент шаблон для 'const std::unique_ptr<_Ty,_Dx> &' из 'int'
C:\Program Files\Microsoft Visual Studio\2022\Community\VC\Tools\MSVC\14.37.32822\include\memory(3519,17): message : или       "bool std::operator !=(const std::unique_ptr<_Ty,_Dx> &,const std::unique_ptr<_Ty2,_Dx2> &)"
C:\Users\vallc\OneDrive\Рабочий стол\Лабы\Course-3\графика\ConsoleApplication7\GameObjectFactory.cpp(114,35): message : 'bool std::operator !=(const std::unique_ptr<_Ty,_Dx> &,const std::unique_ptr<_Ty2,_Dx2> &)': не удалось вывести аргумент шаблон для 'const std::unique_ptr<_Ty,_Dx> &' из 'int'
C:\Program Files\Microsoft Visual Studio\2022\Community\VC\Tools\MSVC\14.37.32822\include\memory(1942,17): message : или       "bool std::operator !=(std::nullptr_t,const std::shared_ptr<_Ty> &) noexcept"
C:\Users\vallc\OneDrive\Рабочий стол\Лабы\Course-3\графика\ConsoleApplication7\GameObjectFactory.cpp(114,35): message : 'bool std::operator !=(std::nullptr_t,const std::shared_ptr<_Ty> &) noexcept': не удалось вывести аргумент шаблон для 'const std::shared_ptr<_Ty> &' из 'std::_Vector_iterator<std::_Vector_val<std::_Simple_types<_Ty>>>'
          with
          [
              _Ty=std::shared_ptr<PhongMaterial>
          ]
C:\Program Files\Microsoft Visual Studio\2022\Community\VC\Tools\MSVC\14.37.32822\include\memory(1937,17): message : или       "bool std::operator !=(const std::shared_ptr<_Ty> &,std::nullptr_t) noexcept"
C:\Users\vallc\OneDrive\Рабочий стол\Лабы\Course-3\графика\ConsoleApplication7\GameObjectFactory.cpp(114,35): message : 'bool std::operator !=(const std::shared_ptr<_Ty> &,std::nullptr_t) noexcept': не удалось вывести аргумент шаблон для 'const std::shared_ptr<_Ty> &' из 'int'
C:\Program Files\Microsoft Visual Studio\2022\Community\VC\Tools\MSVC\14.37.32822\include\memory(1895,17): message : или       "bool std::operator !=(const std::shared_ptr<_Ty> &,const std::shared_ptr<_Ty0> &) noexcept"
C:\Users\vallc\OneDrive\Рабочий стол\Лабы\Course-3\графика\ConsoleApplication7\GameObjectFactory.cpp(114,35): message : 'bool std::operator !=(const std::shared_ptr<_Ty> &,const std::shared_ptr<_Ty0> &) noexcept': не удалось вывести аргумент шаблон для 'const std::shared_ptr<_Ty> &' из 'int'
C:\Program Files\Microsoft Visual Studio\2022\Community\VC\Tools\MSVC\14.37.32822\include\xstring(5050,17): message : или       "bool std::operator !=(const std::basic_string<_Elem,_Traits,_Alloc> &,const _Elem *const )"
C:\Users\vallc\OneDrive\Рабочий стол\Лабы\Course-3\графика\ConsoleApplication7\GameObjectFactory.cpp(114,35): message : 'bool std::operator !=(const std::basic_string<_Elem,_Traits,_Alloc> &,const _Elem *const )': не удалось вывести аргумент шаблон для 'const std::basic_string<_Elem,_Traits,_Alloc> &' из 'int'
C:\Program Files\Microsoft Visual Studio\2022\Community\VC\Tools\MSVC\14.37.32822\include\xstring(5045,17): message : или       "bool std::operator !=(const _Elem *const ,const std::basic_string<_Elem,_Traits,_Alloc> &)"
C:\Users\vallc\OneDrive\Рабочий стол\Лабы\Course-3\графика\ConsoleApplication7\GameObjectFactory.cpp(114,35): message : 'bool std::operator !=(const _Elem *const ,const std::basic_string<_Elem,_Traits,_Alloc> &)': не удалось вывести аргумент шаблон для 'const _Elem *const ' из 'int'
C:\Program Files\Microsoft Visual Studio\2022\Community\VC\Tools\MSVC\14.37.32822\include\xstring(5039,17): message : или       "bool std::operator !=(const std::basic_string<_Elem,_Traits,_Alloc> &,const std::basic_string<_Elem,_Traits,_Alloc> &) noexcept"
C:\Users\vallc\OneDrive\Рабочий стол\Лабы\Course-3\графика\ConsoleApplication7\GameObjectFactory.cpp(114,35): message : 'bool std::operator !=(const std::basic_string<_Elem,_Traits,_Alloc> &,const std::basic_string<_Elem,_Traits,_Alloc> &) noexcept': не удалось вывести аргумент шаблон для 'const std::basic_string<_Elem,_Traits,_Alloc> &' из 'int'
C:\Program Files\Microsoft Visual Studio\2022\Community\VC\Tools\MSVC\14.37.32822\include\xmemory(1040,17): message : или       "bool std::operator !=(const std::allocator<_Ty> &,const std::allocator<_Other> &) noexcept"
C:\Users\vallc\OneDrive\Рабочий стол\Лабы\Course-3\графика\ConsoleApplication7\GameObjectFactory.cpp(114,35): message : 'bool std::operator !=(const std::allocator<_Ty> &,const std::allocator<_Other> &) noexcept': не удалось вывести аргумент шаблон для 'const std::allocator<_Ty> &' из 'int'
C:\Program Files\Microsoft Visual Studio\2022\Community\VC\Tools\MSVC\14.37.32822\include\iterator(496,17): message : или       "bool std::operator !=(const std::istreambuf_iterator<_Elem,_Traits> &,const std::istreambuf_iterator<_Elem,_Traits> &)"
C:\Users\vallc\OneDrive\Рабочий стол\Лабы\Course-3\графика\ConsoleApplication7\GameObjectFactory.cpp(114,35): message : 'bool std::operator !=(const std::istreambuf_iterator<_Elem,_Traits> &,const std::istreambuf_iterator<_Elem,_Traits> &)': не удалось вывести аргумент шаблон для 'const std::istreambuf_iterator<_Elem,_Traits> &' из 'int'
C:\Program Files\Microsoft Visual Studio\2022\Community\VC\Tools\MSVC\14.37.32822\include\iterator(314,17): message : или       "bool std::operator !=(const std::istream_iterator<_Ty,_Elem,_Traits,_Diff> &,const std::istream_iterator<_Ty,_Elem,_Traits,_Diff> &) noexcept"
C:\Users\vallc\OneDrive\Рабочий стол\Лабы\Course-3\графика\ConsoleApplication7\GameObjectFactory.cpp(114,35): message : 'bool std::operator !=(const std::istream_iterator<_Ty,_Elem,_Traits,_Diff> &,const std::istream_iterator<_Ty,_Elem,_Traits,_Diff> &) noexcept': не удалось вывести аргумент шаблон для 'const std::istream_iterator<_Ty,_Elem,_Traits,_Diff> &' из 'int'
C:\Program Files\Microsoft Visual Studio\2022\Community\VC\Tools\MSVC\14.37.32822\include\xutility(4279,30): message : или       "bool std::operator !=(const std::move_iterator<_Iter> &,const std::move_iterator<_Iter2> &) noexcept(<expr>)"
C:\Users\vallc\OneDrive\Рабочий стол\Лабы\Course-3\графика\ConsoleApplication7\GameObjectFactory.cpp(114,35): message : 'bool std::operator !=(const std::move_iterator<_Iter> &,const std::move_iterator<_Iter2> &) noexcept(<expr>)': не удалось вывести аргумент шаблон для 'const std::move_iterator<_Iter> &' из 'int'
C:\Program Files\Microsoft Visual Studio\2022\Community\VC\Tools\MSVC\14.37.32822\include\xutility(1671,5): message : или       "bool std::operator !=(const std::reverse_iterator<_BidIt> &,const std::reverse_iterator<_BidIt2> &) noexcept(<expr>)"
C:\Users\vallc\OneDrive\Рабочий стол\Лабы\Course-3\графика\ConsoleApplication7\GameObjectFactory.cpp(114,35): message : 'bool std::operator !=(const std::reverse_iterator<_BidIt> &,const std::reverse_iterator<_BidIt2> &) noexcept(<expr>)': не удалось вывести аргумент шаблон для 'const std::reverse_iterator<_BidIt> &' из 'int'
C:\Program Files\Microsoft Visual Studio\2022\Community\VC\Tools\MSVC\14.37.32822\include\utility(499,27): message : или       "bool std::operator !=(const std::pair<_Ty1,_Ty2> &,const std::pair<_Uty1,_Uty2> &)"
C:\Users\vallc\OneDrive\Рабочий стол\Лабы\Course-3\графика\ConsoleApplication7\GameObjectFactory.cpp(114,35): message : 'bool std::operator !=(const std::pair<_Ty1,_Ty2> &,const std::pair<_Uty1,_Uty2> &)': не удалось вывести аргумент шаблон для 'const std::pair<_Ty1,_Ty2> &' из 'int'
C:\Users\vallc\OneDrive\Рабочий стол\Лабы\Course-3\графика\ConsoleApplication7\glm\glm\detail\type_quat.hpp(181,35): message : или       "bool glm::operator !=(const glm::qua<T,Q> &,const glm::qua<T,Q> &)"
C:\Users\vallc\OneDrive\Рабочий стол\Лабы\Course-3\графика\ConsoleApplication7\GameObjectFactory.cpp(114,35): message : 'bool glm::operator !=(const glm::qua<T,Q> &,const glm::qua<T,Q> &)': не удалось вывести аргумент шаблон для 'const glm::qua<T,Q> &' из 'int'
C:\Users\vallc\OneDrive\Рабочий стол\Лабы\Course-3\графика\ConsoleApplication7\glm\glm\detail\type_vec1.hpp(297,35): message : или       "bool glm::operator !=(const glm::vec<1,T,Q> &,const glm::vec<1,T,Q> &)"
C:\Users\vallc\OneDrive\Рабочий стол\Лабы\Course-3\графика\ConsoleApplication7\GameObjectFactory.cpp(114,35): message : 'bool glm::operator !=(const glm::vec<1,T,Q> &,const glm::vec<1,T,Q> &)': не удалось вывести аргумент шаблон для 'const glm::vec<1,T,Q> &' из 'int'
C:\Users\vallc\OneDrive\Рабочий стол\Лабы\Course-3\графика\ConsoleApplication7\glm\glm\detail\type_mat4x4.hpp(184,21): message : или       "bool glm::operator !=(const glm::mat<4,4,T,Q> &,const glm::mat<4,4,T,Q> &)"
C:\Users\vallc\OneDrive\Рабочий стол\Лабы\Course-3\графика\ConsoleApplication7\GameObjectFactory.cpp(114,35): message : 'bool glm::operator !=(const glm::mat<4,4,T,Q> &,const glm::mat<4,4,T,Q> &)': не удалось вывести аргумент шаблон для 'const glm::mat<4,4,T,Q> &' из 'int'
C:\Users\vallc\OneDrive\Рабочий стол\Лабы\Course-3\графика\ConsoleApplication7\glm\glm\detail\type_mat4x3.hpp(166,21): message : или       "bool glm::operator !=(const glm::mat<4,3,T,Q> &,const glm::mat<4,3,T,Q> &)"
C:\Users\vallc\OneDrive\Рабочий стол\Лабы\Course-3\графика\ConsoleApplication7\GameObjectFactory.cpp(114,35): message : 'bool glm::operator !=(const glm::mat<4,3,T,Q> &,const glm::mat<4,3,T,Q> &)': не удалось вывести аргумент шаблон для 'const glm::mat<4,3,T,Q> &' из 'int'
C:\Users\vallc\OneDrive\Рабочий стол\Лабы\Course-3\графика\ConsoleApplication7\glm\glm\detail\type_mat4x2.hpp(166,21): message : или       "bool glm::operator !=(const glm::mat<4,2,T,Q> &,const glm::mat<4,2,T,Q> &)"
C:\Users\vallc\OneDrive\Рабочий стол\Лабы\Course-3\графика\ConsoleApplication7\GameObjectFactory.cpp(114,35): message : 'bool glm::operator !=(const glm::mat<4,2,T,Q> &,const glm::mat<4,2,T,Q> &)': не удалось вывести аргумент шаблон для 'const glm::mat<4,2,T,Q> &' из 'int'
C:\Users\vallc\OneDrive\Рабочий стол\Лабы\Course-3\графика\ConsoleApplication7\glm\glm\detail\type_mat3x4.hpp(161,21): message : или       "bool glm::operator !=(const glm::mat<3,4,T,Q> &,const glm::mat<3,4,T,Q> &)"
C:\Users\vallc\OneDrive\Рабочий стол\Лабы\Course-3\графика\ConsoleApplication7\GameObjectFactory.cpp(114,35): message : 'bool glm::operator !=(const glm::mat<3,4,T,Q> &,const glm::mat<3,4,T,Q> &)': не удалось вывести аргумент шаблон для 'const glm::mat<3,4,T,Q> &' из 'int'
C:\Users\vallc\OneDrive\Рабочий стол\Лабы\Course-3\графика\ConsoleApplication7\glm\glm\detail\type_mat3x3.hpp(179,21): message : или       "bool glm::operator !=(const glm::mat<3,3,T,Q> &,const glm::mat<3,3,T,Q> &)"
C:\Users\vallc\OneDrive\Рабочий стол\Лабы\Course-3\графика\ConsoleApplication7\GameObjectFactory.cpp(114,35): message : 'bool glm::operator !=(const glm::mat<3,3,T,Q> &,const glm::mat<3,3,T,Q> &)': не удалось вывести аргумент шаблон для 'const glm::mat<3,3,T,Q> &' из 'int'
C:\Users\vallc\OneDrive\Рабочий стол\Лабы\Course-3\графика\ConsoleApplication7\glm\glm\detail\type_mat3x2.hpp(161,21): message : или       "bool glm::operator !=(const glm::mat<3,2,T,Q> &,const glm::mat<3,2,T,Q> &)"
C:\Users\vallc\OneDrive\Рабочий стол\Лабы\Course-3\графика\ConsoleApplication7\GameObjectFactory.cpp(114,35): message : 'bool glm::operator !=(const glm::mat<3,2,T,Q> &,const glm::mat<3,2,T,Q> &)': не удалось вывести аргумент шаблон для 'const glm::mat<3,2,T,Q> &' из 'int'
C:\Users\vallc\OneDrive\Рабочий стол\Лабы\Course-3\графика\ConsoleApplication7\glm\glm\detail\type_mat2x4.hpp(156,21): message : или       "bool glm::operator !=(const glm::mat<2,4,T,Q> &,const glm::mat<2,4,T,Q> &)"
C:\Users\vallc\OneDrive\Рабочий стол\Лабы\Course-3\графика\ConsoleApplication7\GameObjectFactory.cpp(114,35): message : 'bool glm::operator !=(const glm::mat<2,4,T,Q> &,const glm::mat<2,4,T,Q> &)': не удалось вывести аргумент шаблон для 'const glm::mat<2,4,T,Q> &' из 'int'
C:\Users\vallc\OneDrive\Рабочий стол\Лабы\Course-3\графика\ConsoleApplication7\glm\glm\detail\type_mat2x3.hpp(154,21): message : или       "bool glm::operator !=(const glm::mat<2,3,T,Q> &,const glm::mat<2,3,T,Q> &)"
C:\Users\vallc\OneDrive\Рабочий стол\Лабы\Course-3\графика\ConsoleApplication7\GameObjectFactory.cpp(114,35): message : 'bool glm::operator !=(const glm::mat<2,3,T,Q> &,const glm::mat<2,3,T,Q> &)': не удалось вывести аргумент шаблон для 'const glm::mat<2,3,T,Q> &' из 'int'
C:\Users\vallc\OneDrive\Рабочий стол\Лабы\Course-3\графика\ConsoleApplication7\glm\glm\detail\type_mat2x2.hpp(172,21): message : или       "bool glm::operator !=(const glm::mat<2,2,T,Q> &,const glm::mat<2,2,T,Q> &)"
C:\Users\vallc\OneDrive\Рабочий стол\Лабы\Course-3\графика\ConsoleApplication7\GameObjectFactory.cpp(114,35): message : 'bool glm::operator !=(const glm::mat<2,2,T,Q> &,const glm::mat<2,2,T,Q> &)': не удалось вывести аргумент шаблон для 'const glm::mat<2,2,T,Q> &' из 'int'
C:\Users\vallc\OneDrive\Рабочий стол\Лабы\Course-3\графика\ConsoleApplication7\glm\glm\detail\type_vec4.hpp(494,35): message : или       "bool glm::operator !=(const glm::vec<4,T,Q> &,const glm::vec<4,T,Q> &)"
C:\Users\vallc\OneDrive\Рабочий стол\Лабы\Course-3\графика\ConsoleApplication7\GameObjectFactory.cpp(114,35): message : 'bool glm::operator !=(const glm::vec<4,T,Q> &,const glm::vec<4,T,Q> &)': не удалось вывести аргумент шаблон для 'const glm::vec<4,T,Q> &' из 'int'
C:\Users\vallc\OneDrive\Рабочий стол\Лабы\Course-3\графика\ConsoleApplication7\glm\glm\detail\type_vec3.hpp(421,35): message : или       "bool glm::operator !=(const glm::vec<3,T,Q> &,const glm::vec<3,T,Q> &)"
C:\Users\vallc\OneDrive\Рабочий стол\Лабы\Course-3\графика\ConsoleApplication7\GameObjectFactory.cpp(114,35): message : 'bool glm::operator !=(const glm::vec<3,T,Q> &,const glm::vec<3,T,Q> &)': не удалось вывести аргумент шаблон для 'const glm::vec<3,T,Q> &' из 'int'
C:\Users\vallc\OneDrive\Рабочий стол\Лабы\Course-3\графика\ConsoleApplication7\glm\glm\detail\type_vec2.hpp(388,35): message : или       "bool glm::operator !=(const glm::vec<2,T,Q> &,const glm::vec<2,T,Q> &)"
C:\Users\vallc\OneDrive\Рабочий стол\Лабы\Course-3\графика\ConsoleApplication7\GameObjectFactory.cpp(114,35): message : 'bool glm::operator !=(const glm::vec<2,T,Q> &,const glm::vec<2,T,Q> &)': не удалось вывести аргумент шаблон для 'const glm::vec<2,T,Q> &' из 'int'
C:\Users\vallc\OneDrive\Рабочий стол\Лабы\Course-3\графика\ConsoleApplication7\GameObjectFactory.cpp(114,35): message : при попытке сопоставить список аргументов "(int, std::_Vector_iterator<std::_Vector_val<std::_Simple_types<_Ty>>>)"
          with
          [
              _Ty=std::shared_ptr<PhongMaterial>
          ]
C:\Users\vallc\OneDrive\Рабочий стол\Лабы\Course-3\графика\ConsoleApplication7\GameObjectFactory.cpp(115,32): error C2672: "std::make_shared": не найдена соответствующая перегруженная функция
C:\Program Files\Microsoft Visual Studio\2022\Community\VC\Tools\MSVC\14.37.32822\include\memory(2778,5): message : может быть "std::shared_ptr<_Ty> std::make_shared(_Types &&...)"
C:\Users\vallc\OneDrive\Рабочий стол\Лабы\Course-3\графика\ConsoleApplication7\GameObjectFactory.cpp(116,16): error C3536: gameObject: не может использоваться до инициализации
C:\Users\vallc\OneDrive\Рабочий стол\Лабы\Course-3\графика\ConsoleApplication7\GameObjectFactory.cpp(116,9): error C2440: return: невозможно преобразовать "int" в "std::shared_ptr<GameObject>"
C:\Users\vallc\OneDrive\Рабочий стол\Лабы\Course-3\графика\ConsoleApplication7\GameObjectFactory.cpp(116,9): message : "std::shared_ptr<GameObject>::shared_ptr": ни одна перегруженная функция не может преобразовать все типы аргументов
C:\Program Files\Microsoft Visual Studio\2022\Community\VC\Tools\MSVC\14.37.32822\include\memory(1575,5): message : может быть "std::shared_ptr<GameObject>::shared_ptr(std::nullptr_t) noexcept"
C:\Users\vallc\OneDrive\Рабочий стол\Лабы\Course-3\графика\ConsoleApplication7\GameObjectFactory.cpp(116,9): message : "std::shared_ptr<GameObject>::shared_ptr(std::nullptr_t) noexcept": невозможно преобразовать аргумент 1 из "int" в "std::nullptr_t"
C:\Users\vallc\OneDrive\Рабочий стол\Лабы\Course-3\графика\ConsoleApplication7\GameObjectFactory.cpp(116,16): message : только неопределенная константа указателя может быть преобразована в nullptr_t
C:\Program Files\Microsoft Visual Studio\2022\Community\VC\Tools\MSVC\14.37.32822\include\memory(1670,5): message : или       "std::shared_ptr<GameObject>::shared_ptr(std::unique_ptr<_Ux,_Dx> &&)"
C:\Program Files\Microsoft Visual Studio\2022\Community\VC\Tools\MSVC\14.37.32822\include\memory(1659,5): message : или       "std::shared_ptr<GameObject>::shared_ptr(std::auto_ptr<_Other> &&)"
C:\Program Files\Microsoft Visual Studio\2022\Community\VC\Tools\MSVC\14.37.32822\include\memory(1646,5): message : или       "std::shared_ptr<GameObject>::shared_ptr(std::shared_ptr<_Ty2> &&) noexcept"
C:\Program Files\Microsoft Visual Studio\2022\Community\VC\Tools\MSVC\14.37.32822\include\memory(1636,5): message : или       "std::shared_ptr<GameObject>::shared_ptr(const std::shared_ptr<_Ty2> &) noexcept"
C:\Program Files\Microsoft Visual Studio\2022\Community\VC\Tools\MSVC\14.37.32822\include\memory(1626,5): message : или       "std::shared_ptr<GameObject>::shared_ptr(std::shared_ptr<_Ty2> &&,GameObject *) noexcept"
C:\Program Files\Microsoft Visual Studio\2022\Community\VC\Tools\MSVC\14.37.32822\include\memory(1620,5): message : или       "std::shared_ptr<GameObject>::shared_ptr(const std::shared_ptr<_Ty2> &,GameObject *) noexcept"
C:\Program Files\Microsoft Visual Studio\2022\Community\VC\Tools\MSVC\14.37.32822\include\memory(1615,5): message : или       "std::shared_ptr<GameObject>::shared_ptr(std::nullptr_t,_Dx,_Alloc)"
C:\Program Files\Microsoft Visual Studio\2022\Community\VC\Tools\MSVC\14.37.32822\include\memory(1609,5): message : или       "std::shared_ptr<GameObject>::shared_ptr(std::nullptr_t,_Dx)"
C:\Program Files\Microsoft Visual Studio\2022\Community\VC\Tools\MSVC\14.37.32822\include\memory(1603,5): message : или       "std::shared_ptr<GameObject>::shared_ptr(_Ux *,_Dx,_Alloc)"
C:\Program Files\Microsoft Visual Studio\2022\Community\VC\Tools\MSVC\14.37.32822\include\memory(1595,5): message : или       "std::shared_ptr<GameObject>::shared_ptr(_Ux *,_Dx)"
C:\Users\vallc\OneDrive\Рабочий стол\Лабы\Course-3\графика\ConsoleApplication7\GameObjectFactory.cpp(116,9): message : при попытке сопоставить список аргументов "(int)"
